{"/Users/jp/work/github-actions-test/src/components/App.jsx": {"path":"/Users/jp/work/github-actions-test/src/components/App.jsx","statementMap":{"0":{"start":{"line":5,"column":0},"end":{"line":12,"column":2}}},"fnMap":{},"branchMap":{},"s":{"0":0},"f":{},"b":{}}
,"/Users/jp/work/github-actions-test/src/components/Button/index.jsx": {"path":"/Users/jp/work/github-actions-test/src/components/Button/index.jsx","statementMap":{"0":{"start":{"line":3,"column":22},"end":{"line":3,"column":67}},"1":{"start":{"line":3,"column":40},"end":{"line":3,"column":67}}},"fnMap":{"0":{"name":"(anonymous_0)","decl":{"start":{"line":3,"column":22},"end":{"line":3,"column":23}},"loc":{"start":{"line":3,"column":40},"end":{"line":3,"column":67}},"line":3}},"branchMap":{},"s":{"0":1,"1":1},"f":{"0":1},"b":{},"_coverageSchema":"1a1c01bbd47fc00a2c39e90264f33305004495a9","hash":"2a9d5378c2386265bb102f8fd6ed9eec4aae4a8b"}
,"/Users/jp/work/github-actions-test/src/components/Modal/index.jsx": {"path":"/Users/jp/work/github-actions-test/src/components/Modal/index.jsx","statementMap":{"0":{"start":{"line":3,"column":21},"end":{"line":3,"column":75}},"1":{"start":{"line":3,"column":39},"end":{"line":3,"column":75}}},"fnMap":{"0":{"name":"(anonymous_0)","decl":{"start":{"line":3,"column":21},"end":{"line":3,"column":22}},"loc":{"start":{"line":3,"column":39},"end":{"line":3,"column":75}},"line":3},"1":{"name":"(anonymous_1)","decl":{"start":{"line":3,"column":51},"end":{"line":3,"column":52}},"loc":{"start":{"line":3,"column":57},"end":{"line":3,"column":59}},"line":3}},"branchMap":{},"s":{"0":0,"1":0},"f":{"0":0,"1":0},"b":{}}
}
