{"/Users/jp/work/github-actions-test/src/components/Button.jsx": {"path":"/Users/jp/work/github-actions-test/src/components/Button.jsx","statementMap":{"0":{"start":{"line":3,"column":22},"end":{"line":3,"column":67}},"1":{"start":{"line":3,"column":40},"end":{"line":3,"column":67}}},"fnMap":{"0":{"name":"(anonymous_0)","decl":{"start":{"line":3,"column":22},"end":{"line":3,"column":23}},"loc":{"start":{"line":3,"column":40},"end":{"line":3,"column":67}},"line":3}},"branchMap":{},"s":{"0":1,"1":1},"f":{"0":1},"b":{},"_coverageSchema":"1a1c01bbd47fc00a2c39e90264f33305004495a9","hash":"2bd1a53b27d36f320804e25d00f8b2a5ec990ae9"}
}
